{"C:\\Users\\JV\\Desktop\\Cursos\\Coder House\\Full Stack\\Backend III\\backend-adopciones\\src\\app.js": {"path":"C:\\Users\\JV\\Desktop\\Cursos\\Coder House\\Full Stack\\Backend III\\backend-adopciones\\src\\app.js","statementMap":{"0":{"start":{"line":1,"column":16},"end":{"line":1,"column":34}},"1":{"start":{"line":2,"column":20},"end":{"line":2,"column":47}},"2":{"start":{"line":3,"column":21},"end":{"line":3,"column":58}},"3":{"start":{"line":5,"column":19},"end":{"line":5,"column":50}},"4":{"start":{"line":6,"column":18},"end":{"line":6,"column":48}},"5":{"start":{"line":7,"column":23},"end":{"line":7,"column":58}},"6":{"start":{"line":9,"column":12},"end":{"line":9,"column":21}},"7":{"start":{"line":12,"column":0},"end":{"line":12,"column":24}},"8":{"start":{"line":13,"column":0},"end":{"line":13,"column":48}},"9":{"start":{"line":16,"column":0},"end":{"line":16,"column":17}},"10":{"start":{"line":19,"column":0},"end":{"line":19,"column":34}},"11":{"start":{"line":20,"column":0},"end":{"line":20,"column":32}},"12":{"start":{"line":21,"column":0},"end":{"line":21,"column":42}},"13":{"start":{"line":24,"column":0},"end":{"line":24,"column":22}},"14":{"start":{"line":26,"column":0},"end":{"line":26,"column":21}}},"fnMap":{},"branchMap":{},"s":{"0":1,"1":1,"2":1,"3":1,"4":1,"5":1,"6":1,"7":1,"8":1,"9":1,"10":1,"11":1,"12":1,"13":1,"14":1},"f":{},"b":{},"_coverageSchema":"1a1c01bbd47fc00a2c39e90264f33305004495a9","hash":"9ef0ffdc842bf66d49e49f598ba5b36a4c88dff8"}
,"C:\\Users\\JV\\Desktop\\Cursos\\Coder House\\Full Stack\\Backend III\\backend-adopciones\\src\\config\\swagger.js": {"path":"C:\\Users\\JV\\Desktop\\Cursos\\Coder House\\Full Stack\\Backend III\\backend-adopciones\\src\\config\\swagger.js","statementMap":{"0":{"start":{"line":1,"column":21},"end":{"line":1,"column":45}},"1":{"start":{"line":2,"column":18},"end":{"line":2,"column":47}},"2":{"start":{"line":4,"column":16},"end":{"line":20,"column":1}},"3":{"start":{"line":22,"column":20},"end":{"line":22,"column":41}},"4":{"start":{"line":24,"column":20},"end":{"line":26,"column":1}},"5":{"start":{"line":25,"column":2},"end":{"line":25,"column":70}},"6":{"start":{"line":28,"column":0},"end":{"line":28,"column":29}}},"fnMap":{"0":{"name":"(anonymous_0)","decl":{"start":{"line":24,"column":20},"end":{"line":24,"column":21}},"loc":{"start":{"line":24,"column":29},"end":{"line":26,"column":1}},"line":24}},"branchMap":{},"s":{"0":1,"1":1,"2":1,"3":1,"4":1,"5":1,"6":1},"f":{"0":1},"b":{},"_coverageSchema":"1a1c01bbd47fc00a2c39e90264f33305004495a9","hash":"308d7d08757b4baa82f0457ae43a0e5a2f8d2ede"}
,"C:\\Users\\JV\\Desktop\\Cursos\\Coder House\\Full Stack\\Backend III\\backend-adopciones\\src\\controllers\\adoption.controller.js": {"path":"C:\\Users\\JV\\Desktop\\Cursos\\Coder House\\Full Stack\\Backend III\\backend-adopciones\\src\\controllers\\adoption.controller.js","statementMap":{"0":{"start":{"line":1,"column":24},"end":{"line":1,"column":63}},"1":{"start":{"line":4,"column":11},"end":{"line":11,"column":3}},"2":{"start":{"line":5,"column":4},"end":{"line":10,"column":5}},"3":{"start":{"line":6,"column":24},"end":{"line":6,"column":57}},"4":{"start":{"line":7,"column":6},"end":{"line":7,"column":58}},"5":{"start":{"line":9,"column":6},"end":{"line":9,"column":18}},"6":{"start":{"line":13,"column":12},"end":{"line":21,"column":3}},"7":{"start":{"line":14,"column":4},"end":{"line":20,"column":5}},"8":{"start":{"line":15,"column":22},"end":{"line":15,"column":32}},"9":{"start":{"line":16,"column":23},"end":{"line":16,"column":59}},"10":{"start":{"line":17,"column":6},"end":{"line":17,"column":57}},"11":{"start":{"line":19,"column":6},"end":{"line":19,"column":18}},"12":{"start":{"line":23,"column":11},"end":{"line":31,"column":3}},"13":{"start":{"line":24,"column":4},"end":{"line":30,"column":5}},"14":{"start":{"line":25,"column":27},"end":{"line":25,"column":37}},"15":{"start":{"line":26,"column":26},"end":{"line":26,"column":66}},"16":{"start":{"line":27,"column":6},"end":{"line":27,"column":72}},"17":{"start":{"line":29,"column":6},"end":{"line":29,"column":18}},"18":{"start":{"line":33,"column":11},"end":{"line":41,"column":3}},"19":{"start":{"line":34,"column":4},"end":{"line":40,"column":5}},"20":{"start":{"line":35,"column":22},"end":{"line":35,"column":32}},"21":{"start":{"line":36,"column":30},"end":{"line":36,"column":65}},"22":{"start":{"line":37,"column":6},"end":{"line":37,"column":64}},"23":{"start":{"line":39,"column":6},"end":{"line":39,"column":18}},"24":{"start":{"line":44,"column":0},"end":{"line":44,"column":42}}},"fnMap":{"0":{"name":"(anonymous_0)","decl":{"start":{"line":4,"column":11},"end":{"line":4,"column":12}},"loc":{"start":{"line":4,"column":31},"end":{"line":11,"column":3}},"line":4},"1":{"name":"(anonymous_1)","decl":{"start":{"line":13,"column":12},"end":{"line":13,"column":13}},"loc":{"start":{"line":13,"column":32},"end":{"line":21,"column":3}},"line":13},"2":{"name":"(anonymous_2)","decl":{"start":{"line":23,"column":11},"end":{"line":23,"column":12}},"loc":{"start":{"line":23,"column":31},"end":{"line":31,"column":3}},"line":23},"3":{"name":"(anonymous_3)","decl":{"start":{"line":33,"column":11},"end":{"line":33,"column":12}},"loc":{"start":{"line":33,"column":31},"end":{"line":41,"column":3}},"line":33}},"branchMap":{},"s":{"0":1,"1":1,"2":2,"3":2,"4":1,"5":1,"6":1,"7":3,"8":3,"9":3,"10":1,"11":2,"12":1,"13":8,"14":8,"15":8,"16":4,"17":4,"18":1,"19":3,"20":3,"21":3,"22":1,"23":2,"24":1},"f":{"0":2,"1":3,"2":8,"3":3},"b":{},"_coverageSchema":"1a1c01bbd47fc00a2c39e90264f33305004495a9","hash":"f23664c90652bc94c3eb47d4e4985e4813f149b7"}
,"C:\\Users\\JV\\Desktop\\Cursos\\Coder House\\Full Stack\\Backend III\\backend-adopciones\\src\\controllers\\pet.controller.js": {"path":"C:\\Users\\JV\\Desktop\\Cursos\\Coder House\\Full Stack\\Backend III\\backend-adopciones\\src\\controllers\\pet.controller.js","statementMap":{"0":{"start":{"line":1,"column":19},"end":{"line":1,"column":53}},"1":{"start":{"line":4,"column":11},"end":{"line":11,"column":3}},"2":{"start":{"line":5,"column":4},"end":{"line":10,"column":5}},"3":{"start":{"line":6,"column":19},"end":{"line":6,"column":42}},"4":{"start":{"line":7,"column":6},"end":{"line":7,"column":53}},"5":{"start":{"line":9,"column":6},"end":{"line":9,"column":18}},"6":{"start":{"line":14,"column":0},"end":{"line":14,"column":37}}},"fnMap":{"0":{"name":"(anonymous_0)","decl":{"start":{"line":4,"column":11},"end":{"line":4,"column":12}},"loc":{"start":{"line":4,"column":31},"end":{"line":11,"column":3}},"line":4}},"branchMap":{},"s":{"0":1,"1":1,"2":0,"3":0,"4":0,"5":0,"6":1},"f":{"0":0},"b":{},"_coverageSchema":"1a1c01bbd47fc00a2c39e90264f33305004495a9","hash":"7076d369474fc67c0a71fc3cee11a924c683b33d"}
,"C:\\Users\\JV\\Desktop\\Cursos\\Coder House\\Full Stack\\Backend III\\backend-adopciones\\src\\controllers\\user.controller.js": {"path":"C:\\Users\\JV\\Desktop\\Cursos\\Coder House\\Full Stack\\Backend III\\backend-adopciones\\src\\controllers\\user.controller.js","statementMap":{"0":{"start":{"line":1,"column":20},"end":{"line":1,"column":55}},"1":{"start":{"line":4,"column":11},"end":{"line":11,"column":3}},"2":{"start":{"line":5,"column":4},"end":{"line":10,"column":5}},"3":{"start":{"line":6,"column":20},"end":{"line":6,"column":45}},"4":{"start":{"line":7,"column":6},"end":{"line":7,"column":54}},"5":{"start":{"line":9,"column":6},"end":{"line":9,"column":18}},"6":{"start":{"line":14,"column":0},"end":{"line":14,"column":38}}},"fnMap":{"0":{"name":"(anonymous_0)","decl":{"start":{"line":4,"column":11},"end":{"line":4,"column":12}},"loc":{"start":{"line":4,"column":31},"end":{"line":11,"column":3}},"line":4}},"branchMap":{},"s":{"0":1,"1":1,"2":0,"3":0,"4":0,"5":0,"6":1},"f":{"0":0},"b":{},"_coverageSchema":"1a1c01bbd47fc00a2c39e90264f33305004495a9","hash":"0b76f324b57e0e003a8b997844e3b7ae23827753"}
,"C:\\Users\\JV\\Desktop\\Cursos\\Coder House\\Full Stack\\Backend III\\backend-adopciones\\src\\data\\adoptions.fake.js": {"path":"C:\\Users\\JV\\Desktop\\Cursos\\Coder House\\Full Stack\\Backend III\\backend-adopciones\\src\\data\\adoptions.fake.js","statementMap":{"0":{"start":{"line":1,"column":0},"end":{"line":1,"column":20}}},"fnMap":{},"branchMap":{},"s":{"0":1},"f":{},"b":{},"_coverageSchema":"1a1c01bbd47fc00a2c39e90264f33305004495a9","hash":"47ecee04df80638190522770450f8660af229eb8"}
,"C:\\Users\\JV\\Desktop\\Cursos\\Coder House\\Full Stack\\Backend III\\backend-adopciones\\src\\data\\pets.fake.js": {"path":"C:\\Users\\JV\\Desktop\\Cursos\\Coder House\\Full Stack\\Backend III\\backend-adopciones\\src\\data\\pets.fake.js","statementMap":{"0":{"start":{"line":1,"column":0},"end":{"line":4,"column":2}}},"fnMap":{},"branchMap":{},"s":{"0":1},"f":{},"b":{},"_coverageSchema":"1a1c01bbd47fc00a2c39e90264f33305004495a9","hash":"4b5ee30ac6abf9112e109254aa8f14bee065a75e"}
,"C:\\Users\\JV\\Desktop\\Cursos\\Coder House\\Full Stack\\Backend III\\backend-adopciones\\src\\data\\resetFakeData.js": {"path":"C:\\Users\\JV\\Desktop\\Cursos\\Coder House\\Full Stack\\Backend III\\backend-adopciones\\src\\data\\resetFakeData.js","statementMap":{"0":{"start":{"line":1,"column":14},"end":{"line":1,"column":37}},"1":{"start":{"line":2,"column":13},"end":{"line":2,"column":35}},"2":{"start":{"line":3,"column":18},"end":{"line":3,"column":45}},"3":{"start":{"line":4,"column":27},"end":{"line":4,"column":73}},"4":{"start":{"line":6,"column":21},"end":{"line":9,"column":1}},"5":{"start":{"line":11,"column":20},"end":{"line":14,"column":1}},"6":{"start":{"line":16,"column":22},"end":{"line":32,"column":1}},"7":{"start":{"line":18,"column":2},"end":{"line":18,"column":19}},"8":{"start":{"line":19,"column":2},"end":{"line":19,"column":51}},"9":{"start":{"line":19,"column":39},"end":{"line":19,"column":47}},"10":{"start":{"line":22,"column":2},"end":{"line":22,"column":18}},"11":{"start":{"line":23,"column":2},"end":{"line":23,"column":49}},"12":{"start":{"line":23,"column":37},"end":{"line":23,"column":45}},"13":{"start":{"line":26,"column":2},"end":{"line":26,"column":23}},"14":{"start":{"line":29,"column":2},"end":{"line":31,"column":3}},"15":{"start":{"line":30,"column":4},"end":{"line":30,"column":38}},"16":{"start":{"line":34,"column":0},"end":{"line":34,"column":31}}},"fnMap":{"0":{"name":"(anonymous_0)","decl":{"start":{"line":16,"column":22},"end":{"line":16,"column":23}},"loc":{"start":{"line":16,"column":28},"end":{"line":32,"column":1}},"line":16},"1":{"name":"(anonymous_1)","decl":{"start":{"line":19,"column":33},"end":{"line":19,"column":34}},"loc":{"start":{"line":19,"column":39},"end":{"line":19,"column":47}},"line":19},"2":{"name":"(anonymous_2)","decl":{"start":{"line":23,"column":31},"end":{"line":23,"column":32}},"loc":{"start":{"line":23,"column":37},"end":{"line":23,"column":45}},"line":23}},"branchMap":{"0":{"loc":{"start":{"line":29,"column":2},"end":{"line":31,"column":3}},"type":"if","locations":[{"start":{"line":29,"column":2},"end":{"line":31,"column":3}},{"start":{},"end":{}}],"line":29},"1":{"loc":{"start":{"line":29,"column":6},"end":{"line":29,"column":81}},"type":"binary-expr","locations":[{"start":{"line":29,"column":6},"end":{"line":29,"column":24}},{"start":{"line":29,"column":28},"end":{"line":29,"column":81}}],"line":29}},"s":{"0":1,"1":1,"2":1,"3":1,"4":1,"5":1,"6":1,"7":12,"8":12,"9":24,"10":12,"11":12,"12":24,"13":12,"14":12,"15":12,"16":1},"f":{"0":12,"1":24,"2":24},"b":{"0":[12,0],"1":[12,12]},"_coverageSchema":"1a1c01bbd47fc00a2c39e90264f33305004495a9","hash":"ed5e8761d1524fb78d1d1af5251c7c520f6ddf44"}
,"C:\\Users\\JV\\Desktop\\Cursos\\Coder House\\Full Stack\\Backend III\\backend-adopciones\\src\\data\\users.fake.js": {"path":"C:\\Users\\JV\\Desktop\\Cursos\\Coder House\\Full Stack\\Backend III\\backend-adopciones\\src\\data\\users.fake.js","statementMap":{"0":{"start":{"line":1,"column":0},"end":{"line":4,"column":2}}},"fnMap":{},"branchMap":{},"s":{"0":1},"f":{},"b":{},"_coverageSchema":"1a1c01bbd47fc00a2c39e90264f33305004495a9","hash":"215f5fcb8a40874267a17dab4949c49ce2434ed9"}
,"C:\\Users\\JV\\Desktop\\Cursos\\Coder House\\Full Stack\\Backend III\\backend-adopciones\\src\\middlewares\\errorHandler.js": {"path":"C:\\Users\\JV\\Desktop\\Cursos\\Coder House\\Full Stack\\Backend III\\backend-adopciones\\src\\middlewares\\errorHandler.js","statementMap":{"0":{"start":{"line":1,"column":21},"end":{"line":15,"column":1}},"1":{"start":{"line":2,"column":2},"end":{"line":4,"column":3}},"2":{"start":{"line":3,"column":4},"end":{"line":3,"column":44}},"3":{"start":{"line":6,"column":2},"end":{"line":8,"column":3}},"4":{"start":{"line":7,"column":4},"end":{"line":7,"column":73}},"5":{"start":{"line":10,"column":2},"end":{"line":12,"column":3}},"6":{"start":{"line":11,"column":4},"end":{"line":11,"column":73}},"7":{"start":{"line":14,"column":2},"end":{"line":14,"column":76}},"8":{"start":{"line":17,"column":0},"end":{"line":17,"column":30}}},"fnMap":{"0":{"name":"(anonymous_0)","decl":{"start":{"line":1,"column":21},"end":{"line":1,"column":22}},"loc":{"start":{"line":1,"column":46},"end":{"line":15,"column":1}},"line":1}},"branchMap":{"0":{"loc":{"start":{"line":2,"column":2},"end":{"line":4,"column":3}},"type":"if","locations":[{"start":{"line":2,"column":2},"end":{"line":4,"column":3}},{"start":{},"end":{}}],"line":2},"1":{"loc":{"start":{"line":6,"column":2},"end":{"line":8,"column":3}},"type":"if","locations":[{"start":{"line":6,"column":2},"end":{"line":8,"column":3}},{"start":{},"end":{}}],"line":6},"2":{"loc":{"start":{"line":6,"column":6},"end":{"line":6,"column":113}},"type":"binary-expr","locations":[{"start":{"line":6,"column":6},"end":{"line":6,"column":38}},{"start":{"line":6,"column":42},"end":{"line":6,"column":73}},{"start":{"line":6,"column":77},"end":{"line":6,"column":113}}],"line":6},"3":{"loc":{"start":{"line":10,"column":2},"end":{"line":12,"column":3}},"type":"if","locations":[{"start":{"line":10,"column":2},"end":{"line":12,"column":3}},{"start":{},"end":{}}],"line":10}},"s":{"0":1,"1":9,"2":0,"3":9,"4":4,"5":5,"6":1,"7":4,"8":1},"f":{"0":9},"b":{"0":[0,9],"1":[4,5],"2":[9,8,7],"3":[1,4]},"_coverageSchema":"1a1c01bbd47fc00a2c39e90264f33305004495a9","hash":"bf5cbdb3d0ff91de640584b2e72ea2e47af909dd"}
,"C:\\Users\\JV\\Desktop\\Cursos\\Coder House\\Full Stack\\Backend III\\backend-adopciones\\src\\repositories\\adoption.repository.js": {"path":"C:\\Users\\JV\\Desktop\\Cursos\\Coder House\\Full Stack\\Backend III\\backend-adopciones\\src\\repositories\\adoption.repository.js","statementMap":{"0":{"start":{"line":1,"column":18},"end":{"line":1,"column":51}},"1":{"start":{"line":5,"column":4},"end":{"line":5,"column":21}},"2":{"start":{"line":9,"column":4},"end":{"line":9,"column":21}},"3":{"start":{"line":12,"column":4},"end":{"line":12,"column":21}},"4":{"start":{"line":16,"column":4},"end":{"line":16,"column":44}},"5":{"start":{"line":16,"column":31},"end":{"line":16,"column":42}},"6":{"start":{"line":20,"column":4},"end":{"line":20,"column":19}},"7":{"start":{"line":21,"column":24},"end":{"line":25,"column":5}},"8":{"start":{"line":26,"column":4},"end":{"line":26,"column":32}},"9":{"start":{"line":27,"column":4},"end":{"line":27,"column":23}},"10":{"start":{"line":31,"column":18},"end":{"line":31,"column":55}},"11":{"start":{"line":31,"column":43},"end":{"line":31,"column":54}},"12":{"start":{"line":32,"column":4},"end":{"line":35,"column":5}},"13":{"start":{"line":33,"column":22},"end":{"line":33,"column":48}},"14":{"start":{"line":34,"column":6},"end":{"line":34,"column":24}},"15":{"start":{"line":36,"column":4},"end":{"line":36,"column":16}},"16":{"start":{"line":40,"column":0},"end":{"line":40,"column":42}}},"fnMap":{"0":{"name":"(anonymous_0)","decl":{"start":{"line":4,"column":2},"end":{"line":4,"column":3}},"loc":{"start":{"line":4,"column":16},"end":{"line":6,"column":3}},"line":4},"1":{"name":"(anonymous_1)","decl":{"start":{"line":8,"column":2},"end":{"line":8,"column":3}},"loc":{"start":{"line":8,"column":17},"end":{"line":10,"column":3}},"line":8},"2":{"name":"(anonymous_2)","decl":{"start":{"line":11,"column":2},"end":{"line":11,"column":3}},"loc":{"start":{"line":11,"column":11},"end":{"line":13,"column":3}},"line":11},"3":{"name":"(anonymous_3)","decl":{"start":{"line":15,"column":2},"end":{"line":15,"column":3}},"loc":{"start":{"line":15,"column":14},"end":{"line":17,"column":3}},"line":15},"4":{"name":"(anonymous_4)","decl":{"start":{"line":16,"column":26},"end":{"line":16,"column":27}},"loc":{"start":{"line":16,"column":31},"end":{"line":16,"column":42}},"line":16},"5":{"name":"(anonymous_5)","decl":{"start":{"line":19,"column":2},"end":{"line":19,"column":3}},"loc":{"start":{"line":19,"column":23},"end":{"line":28,"column":3}},"line":19},"6":{"name":"(anonymous_6)","decl":{"start":{"line":30,"column":2},"end":{"line":30,"column":3}},"loc":{"start":{"line":30,"column":13},"end":{"line":37,"column":3}},"line":30},"7":{"name":"(anonymous_7)","decl":{"start":{"line":31,"column":38},"end":{"line":31,"column":39}},"loc":{"start":{"line":31,"column":43},"end":{"line":31,"column":54}},"line":31}},"branchMap":{"0":{"loc":{"start":{"line":32,"column":4},"end":{"line":35,"column":5}},"type":"if","locations":[{"start":{"line":32,"column":4},"end":{"line":35,"column":5}},{"start":{},"end":{}}],"line":32}},"s":{"0":1,"1":1,"2":12,"3":1,"4":4,"5":2,"6":4,"7":4,"8":4,"9":4,"10":1,"11":1,"12":1,"13":1,"14":1,"15":0,"16":1},"f":{"0":1,"1":12,"2":1,"3":4,"4":2,"5":4,"6":1,"7":1},"b":{"0":[1,0]},"_coverageSchema":"1a1c01bbd47fc00a2c39e90264f33305004495a9","hash":"a36a68093487923b8fbb6615b10d06cf73e7a413"}
,"C:\\Users\\JV\\Desktop\\Cursos\\Coder House\\Full Stack\\Backend III\\backend-adopciones\\src\\repositories\\pet.repository.js": {"path":"C:\\Users\\JV\\Desktop\\Cursos\\Coder House\\Full Stack\\Backend III\\backend-adopciones\\src\\repositories\\pet.repository.js","statementMap":{"0":{"start":{"line":1,"column":13},"end":{"line":1,"column":41}},"1":{"start":{"line":5,"column":4},"end":{"line":5,"column":16}},"2":{"start":{"line":9,"column":4},"end":{"line":9,"column":39}},"3":{"start":{"line":9,"column":26},"end":{"line":9,"column":37}},"4":{"start":{"line":13,"column":18},"end":{"line":13,"column":50}},"5":{"start":{"line":13,"column":38},"end":{"line":13,"column":49}},"6":{"start":{"line":14,"column":4},"end":{"line":17,"column":5}},"7":{"start":{"line":15,"column":6},"end":{"line":15,"column":51}},"8":{"start":{"line":16,"column":6},"end":{"line":16,"column":25}},"9":{"start":{"line":18,"column":4},"end":{"line":18,"column":16}},"10":{"start":{"line":22,"column":0},"end":{"line":22,"column":37}}},"fnMap":{"0":{"name":"(anonymous_0)","decl":{"start":{"line":4,"column":2},"end":{"line":4,"column":3}},"loc":{"start":{"line":4,"column":11},"end":{"line":6,"column":3}},"line":4},"1":{"name":"(anonymous_1)","decl":{"start":{"line":8,"column":2},"end":{"line":8,"column":3}},"loc":{"start":{"line":8,"column":14},"end":{"line":10,"column":3}},"line":8},"2":{"name":"(anonymous_2)","decl":{"start":{"line":9,"column":21},"end":{"line":9,"column":22}},"loc":{"start":{"line":9,"column":26},"end":{"line":9,"column":37}},"line":9},"3":{"name":"(anonymous_3)","decl":{"start":{"line":12,"column":2},"end":{"line":12,"column":3}},"loc":{"start":{"line":12,"column":22},"end":{"line":19,"column":3}},"line":12},"4":{"name":"(anonymous_4)","decl":{"start":{"line":13,"column":33},"end":{"line":13,"column":34}},"loc":{"start":{"line":13,"column":38},"end":{"line":13,"column":49}},"line":13}},"branchMap":{"0":{"loc":{"start":{"line":14,"column":4},"end":{"line":17,"column":5}},"type":"if","locations":[{"start":{"line":14,"column":4},"end":{"line":17,"column":5}},{"start":{},"end":{}}],"line":14}},"s":{"0":1,"1":0,"2":6,"3":7,"4":5,"5":5,"6":5,"7":5,"8":5,"9":0,"10":1},"f":{"0":0,"1":6,"2":7,"3":5,"4":5},"b":{"0":[5,0]},"_coverageSchema":"1a1c01bbd47fc00a2c39e90264f33305004495a9","hash":"eb7ba3580a7d59caa8f2f88bc7b062cf8144f9c6"}
,"C:\\Users\\JV\\Desktop\\Cursos\\Coder House\\Full Stack\\Backend III\\backend-adopciones\\src\\repositories\\user.repository.js": {"path":"C:\\Users\\JV\\Desktop\\Cursos\\Coder House\\Full Stack\\Backend III\\backend-adopciones\\src\\repositories\\user.repository.js","statementMap":{"0":{"start":{"line":1,"column":14},"end":{"line":1,"column":43}},"1":{"start":{"line":5,"column":4},"end":{"line":5,"column":17}},"2":{"start":{"line":9,"column":4},"end":{"line":9,"column":40}},"3":{"start":{"line":9,"column":27},"end":{"line":9,"column":38}},"4":{"start":{"line":13,"column":0},"end":{"line":13,"column":38}}},"fnMap":{"0":{"name":"(anonymous_0)","decl":{"start":{"line":4,"column":2},"end":{"line":4,"column":3}},"loc":{"start":{"line":4,"column":11},"end":{"line":6,"column":3}},"line":4},"1":{"name":"(anonymous_1)","decl":{"start":{"line":8,"column":2},"end":{"line":8,"column":3}},"loc":{"start":{"line":8,"column":14},"end":{"line":10,"column":3}},"line":8},"2":{"name":"(anonymous_2)","decl":{"start":{"line":9,"column":22},"end":{"line":9,"column":23}},"loc":{"start":{"line":9,"column":27},"end":{"line":9,"column":38}},"line":9}},"branchMap":{},"s":{"0":1,"1":0,"2":7,"3":10,"4":1},"f":{"0":0,"1":7,"2":10},"b":{},"_coverageSchema":"1a1c01bbd47fc00a2c39e90264f33305004495a9","hash":"b742a0843f014975c1c1664c8a6f443fecc9dfc5"}
,"C:\\Users\\JV\\Desktop\\Cursos\\Coder House\\Full Stack\\Backend III\\backend-adopciones\\src\\routes\\adoption.router.js": {"path":"C:\\Users\\JV\\Desktop\\Cursos\\Coder House\\Full Stack\\Backend III\\backend-adopciones\\src\\routes\\adoption.router.js","statementMap":{"0":{"start":{"line":1,"column":19},"end":{"line":1,"column":37}},"1":{"start":{"line":2,"column":27},"end":{"line":2,"column":72}},"2":{"start":{"line":4,"column":15},"end":{"line":4,"column":23}},"3":{"start":{"line":34,"column":0},"end":{"line":34,"column":43}},"4":{"start":{"line":54,"column":0},"end":{"line":54,"column":48}},"5":{"start":{"line":83,"column":0},"end":{"line":83,"column":53}},"6":{"start":{"line":103,"column":0},"end":{"line":103,"column":50}},"7":{"start":{"line":105,"column":0},"end":{"line":105,"column":24}}},"fnMap":{},"branchMap":{},"s":{"0":1,"1":1,"2":1,"3":1,"4":1,"5":1,"6":1,"7":1},"f":{},"b":{},"_coverageSchema":"1a1c01bbd47fc00a2c39e90264f33305004495a9","hash":"d24d5f3edb6502ec6a20b598625e91b74e717eb6"}
,"C:\\Users\\JV\\Desktop\\Cursos\\Coder House\\Full Stack\\Backend III\\backend-adopciones\\src\\routes\\pet.router.js": {"path":"C:\\Users\\JV\\Desktop\\Cursos\\Coder House\\Full Stack\\Backend III\\backend-adopciones\\src\\routes\\pet.router.js","statementMap":{"0":{"start":{"line":1,"column":19},"end":{"line":1,"column":37}},"1":{"start":{"line":2,"column":22},"end":{"line":2,"column":62}},"2":{"start":{"line":4,"column":15},"end":{"line":4,"column":23}},"3":{"start":{"line":6,"column":0},"end":{"line":6,"column":38}},"4":{"start":{"line":8,"column":0},"end":{"line":8,"column":24}}},"fnMap":{},"branchMap":{},"s":{"0":1,"1":1,"2":1,"3":1,"4":1},"f":{},"b":{},"_coverageSchema":"1a1c01bbd47fc00a2c39e90264f33305004495a9","hash":"d9dd0622f048d3ea3630df987f071457aacc8870"}
,"C:\\Users\\JV\\Desktop\\Cursos\\Coder House\\Full Stack\\Backend III\\backend-adopciones\\src\\routes\\user.router.js": {"path":"C:\\Users\\JV\\Desktop\\Cursos\\Coder House\\Full Stack\\Backend III\\backend-adopciones\\src\\routes\\user.router.js","statementMap":{"0":{"start":{"line":1,"column":19},"end":{"line":1,"column":37}},"1":{"start":{"line":2,"column":23},"end":{"line":2,"column":64}},"2":{"start":{"line":4,"column":15},"end":{"line":4,"column":23}},"3":{"start":{"line":6,"column":0},"end":{"line":6,"column":39}},"4":{"start":{"line":8,"column":0},"end":{"line":8,"column":24}}},"fnMap":{},"branchMap":{},"s":{"0":1,"1":1,"2":1,"3":1,"4":1},"f":{},"b":{},"_coverageSchema":"1a1c01bbd47fc00a2c39e90264f33305004495a9","hash":"6cf334767602ef8fba22f2c8e37f360c3132415d"}
,"C:\\Users\\JV\\Desktop\\Cursos\\Coder House\\Full Stack\\Backend III\\backend-adopciones\\src\\services\\adoption.service.js": {"path":"C:\\Users\\JV\\Desktop\\Cursos\\Coder House\\Full Stack\\Backend III\\backend-adopciones\\src\\services\\adoption.service.js","statementMap":{"0":{"start":{"line":1,"column":27},"end":{"line":1,"column":73}},"1":{"start":{"line":2,"column":23},"end":{"line":2,"column":65}},"2":{"start":{"line":3,"column":22},"end":{"line":3,"column":63}},"3":{"start":{"line":7,"column":4},"end":{"line":7,"column":39}},"4":{"start":{"line":11,"column":21},"end":{"line":11,"column":51}},"5":{"start":{"line":12,"column":4},"end":{"line":12,"column":57}},"6":{"start":{"line":12,"column":19},"end":{"line":12,"column":57}},"7":{"start":{"line":13,"column":4},"end":{"line":13,"column":20}},"8":{"start":{"line":17,"column":17},"end":{"line":17,"column":44}},"9":{"start":{"line":18,"column":4},"end":{"line":18,"column":49}},"10":{"start":{"line":18,"column":15},"end":{"line":18,"column":49}},"11":{"start":{"line":20,"column":16},"end":{"line":20,"column":42}},"12":{"start":{"line":21,"column":4},"end":{"line":21,"column":47}},"13":{"start":{"line":21,"column":14},"end":{"line":21,"column":47}},"14":{"start":{"line":23,"column":4},"end":{"line":23,"column":60}},"15":{"start":{"line":23,"column":21},"end":{"line":23,"column":60}},"16":{"start":{"line":25,"column":21},"end":{"line":25,"column":75}},"17":{"start":{"line":26,"column":4},"end":{"line":26,"column":49}},"18":{"start":{"line":28,"column":4},"end":{"line":28,"column":20}},"19":{"start":{"line":32,"column":21},"end":{"line":32,"column":52}},"20":{"start":{"line":33,"column":4},"end":{"line":33,"column":57}},"21":{"start":{"line":33,"column":19},"end":{"line":33,"column":57}},"22":{"start":{"line":35,"column":4},"end":{"line":35,"column":61}},"23":{"start":{"line":36,"column":4},"end":{"line":36,"column":42}},"24":{"start":{"line":40,"column":0},"end":{"line":40,"column":39}}},"fnMap":{"0":{"name":"(anonymous_0)","decl":{"start":{"line":6,"column":2},"end":{"line":6,"column":3}},"loc":{"start":{"line":6,"column":20},"end":{"line":8,"column":3}},"line":6},"1":{"name":"(anonymous_1)","decl":{"start":{"line":10,"column":2},"end":{"line":10,"column":3}},"loc":{"start":{"line":10,"column":22},"end":{"line":14,"column":3}},"line":10},"2":{"name":"(anonymous_2)","decl":{"start":{"line":16,"column":2},"end":{"line":16,"column":3}},"loc":{"start":{"line":16,"column":27},"end":{"line":29,"column":3}},"line":16},"3":{"name":"(anonymous_3)","decl":{"start":{"line":31,"column":2},"end":{"line":31,"column":3}},"loc":{"start":{"line":31,"column":22},"end":{"line":37,"column":3}},"line":31}},"branchMap":{"0":{"loc":{"start":{"line":12,"column":4},"end":{"line":12,"column":57}},"type":"if","locations":[{"start":{"line":12,"column":4},"end":{"line":12,"column":57}},{"start":{},"end":{}}],"line":12},"1":{"loc":{"start":{"line":18,"column":4},"end":{"line":18,"column":49}},"type":"if","locations":[{"start":{"line":18,"column":4},"end":{"line":18,"column":49}},{"start":{},"end":{}}],"line":18},"2":{"loc":{"start":{"line":21,"column":4},"end":{"line":21,"column":47}},"type":"if","locations":[{"start":{"line":21,"column":4},"end":{"line":21,"column":47}},{"start":{},"end":{}}],"line":21},"3":{"loc":{"start":{"line":23,"column":4},"end":{"line":23,"column":60}},"type":"if","locations":[{"start":{"line":23,"column":4},"end":{"line":23,"column":60}},{"start":{},"end":{}}],"line":23},"4":{"loc":{"start":{"line":33,"column":4},"end":{"line":33,"column":57}},"type":"if","locations":[{"start":{"line":33,"column":4},"end":{"line":33,"column":57}},{"start":{},"end":{}}],"line":33}},"s":{"0":1,"1":1,"2":1,"3":1,"4":2,"5":2,"6":1,"7":1,"8":7,"9":7,"10":1,"11":6,"12":6,"13":1,"14":5,"15":1,"16":4,"17":4,"18":4,"19":2,"20":2,"21":1,"22":1,"23":1,"24":1},"f":{"0":1,"1":2,"2":7,"3":2},"b":{"0":[1,1],"1":[1,6],"2":[1,5],"3":[1,4],"4":[1,1]},"_coverageSchema":"1a1c01bbd47fc00a2c39e90264f33305004495a9","hash":"cd84c81dc2b3214ddb549d6b5b8f91e919de58ea"}
,"C:\\Users\\JV\\Desktop\\Cursos\\Coder House\\Full Stack\\Backend III\\backend-adopciones\\src\\services\\pet.service.js": {"path":"C:\\Users\\JV\\Desktop\\Cursos\\Coder House\\Full Stack\\Backend III\\backend-adopciones\\src\\services\\pet.service.js","statementMap":{"0":{"start":{"line":1,"column":22},"end":{"line":1,"column":63}},"1":{"start":{"line":5,"column":4},"end":{"line":5,"column":34}},"2":{"start":{"line":9,"column":0},"end":{"line":9,"column":34}}},"fnMap":{"0":{"name":"(anonymous_0)","decl":{"start":{"line":4,"column":2},"end":{"line":4,"column":3}},"loc":{"start":{"line":4,"column":15},"end":{"line":6,"column":3}},"line":4}},"branchMap":{},"s":{"0":1,"1":0,"2":1},"f":{"0":0},"b":{},"_coverageSchema":"1a1c01bbd47fc00a2c39e90264f33305004495a9","hash":"1b85d84beb4326b59a38a3f7c2cc3763922614c3"}
,"C:\\Users\\JV\\Desktop\\Cursos\\Coder House\\Full Stack\\Backend III\\backend-adopciones\\src\\services\\user.service.js": {"path":"C:\\Users\\JV\\Desktop\\Cursos\\Coder House\\Full Stack\\Backend III\\backend-adopciones\\src\\services\\user.service.js","statementMap":{"0":{"start":{"line":1,"column":23},"end":{"line":1,"column":65}},"1":{"start":{"line":5,"column":4},"end":{"line":5,"column":35}},"2":{"start":{"line":9,"column":0},"end":{"line":9,"column":35}}},"fnMap":{"0":{"name":"(anonymous_0)","decl":{"start":{"line":4,"column":2},"end":{"line":4,"column":3}},"loc":{"start":{"line":4,"column":16},"end":{"line":6,"column":3}},"line":4}},"branchMap":{},"s":{"0":1,"1":0,"2":1},"f":{"0":0},"b":{},"_coverageSchema":"1a1c01bbd47fc00a2c39e90264f33305004495a9","hash":"06fb9cf6222c79af77d9f867b92a003763ea8057"}
}
