TN:
SF:src\app.js
FNF:0
FNH:0
DA:1,1
DA:2,1
DA:3,1
DA:5,1
DA:6,1
DA:7,1
DA:9,1
DA:12,1
DA:13,1
DA:16,1
DA:19,1
DA:20,1
DA:21,1
DA:24,1
DA:26,1
LF:15
LH:15
BRF:0
BRH:0
end_of_record
TN:
SF:src\config\swagger.js
FN:24,(anonymous_0)
FNF:1
FNH:1
FNDA:1,(anonymous_0)
DA:1,1
DA:2,1
DA:4,1
DA:22,1
DA:24,1
DA:25,1
DA:28,1
LF:7
LH:7
BRF:0
BRH:0
end_of_record
TN:
SF:src\controllers\adoption.controller.js
FN:4,(anonymous_0)
FN:13,(anonymous_1)
FN:23,(anonymous_2)
FN:33,(anonymous_3)
FNF:4
FNH:4
FNDA:2,(anonymous_0)
FNDA:3,(anonymous_1)
FNDA:8,(anonymous_2)
FNDA:3,(anonymous_3)
DA:1,1
DA:4,1
DA:5,2
DA:6,2
DA:7,1
DA:9,1
DA:13,1
DA:14,3
DA:15,3
DA:16,3
DA:17,1
DA:19,2
DA:23,1
DA:24,8
DA:25,8
DA:26,8
DA:27,4
DA:29,4
DA:33,1
DA:34,3
DA:35,3
DA:36,3
DA:37,1
DA:39,2
DA:44,1
LF:25
LH:25
BRF:0
BRH:0
end_of_record
TN:
SF:src\controllers\pet.controller.js
FN:4,(anonymous_0)
FNF:1
FNH:0
FNDA:0,(anonymous_0)
DA:1,1
DA:4,1
DA:5,0
DA:6,0
DA:7,0
DA:9,0
DA:14,1
LF:7
LH:3
BRF:0
BRH:0
end_of_record
TN:
SF:src\controllers\user.controller.js
FN:4,(anonymous_0)
FNF:1
FNH:0
FNDA:0,(anonymous_0)
DA:1,1
DA:4,1
DA:5,0
DA:6,0
DA:7,0
DA:9,0
DA:14,1
LF:7
LH:3
BRF:0
BRH:0
end_of_record
TN:
SF:src\data\adoptions.fake.js
FNF:0
FNH:0
DA:1,1
LF:1
LH:1
BRF:0
BRH:0
end_of_record
TN:
SF:src\data\pets.fake.js
FNF:0
FNH:0
DA:1,1
LF:1
LH:1
BRF:0
BRH:0
end_of_record
TN:
SF:src\data\resetFakeData.js
FN:16,(anonymous_0)
FN:19,(anonymous_1)
FN:23,(anonymous_2)
FNF:3
FNH:3
FNDA:12,(anonymous_0)
FNDA:24,(anonymous_1)
FNDA:24,(anonymous_2)
DA:1,1
DA:2,1
DA:3,1
DA:4,1
DA:6,1
DA:11,1
DA:16,1
DA:18,12
DA:19,24
DA:22,12
DA:23,24
DA:26,12
DA:29,12
DA:30,12
DA:34,1
LF:15
LH:15
BRDA:29,0,0,12
BRDA:29,0,1,0
BRDA:29,1,0,12
BRDA:29,1,1,12
BRF:4
BRH:3
end_of_record
TN:
SF:src\data\users.fake.js
FNF:0
FNH:0
DA:1,1
LF:1
LH:1
BRF:0
BRH:0
end_of_record
TN:
SF:src\middlewares\errorHandler.js
FN:1,(anonymous_0)
FNF:1
FNH:1
FNDA:9,(anonymous_0)
DA:1,1
DA:2,9
DA:3,0
DA:6,9
DA:7,4
DA:10,5
DA:11,1
DA:14,4
DA:17,1
LF:9
LH:8
BRDA:2,0,0,0
BRDA:2,0,1,9
BRDA:6,1,0,4
BRDA:6,1,1,5
BRDA:6,2,0,9
BRDA:6,2,1,8
BRDA:6,2,2,7
BRDA:10,3,0,1
BRDA:10,3,1,4
BRF:9
BRH:8
end_of_record
TN:
SF:src\repositories\adoption.repository.js
FN:4,(anonymous_0)
FN:8,(anonymous_1)
FN:11,(anonymous_2)
FN:15,(anonymous_3)
FN:16,(anonymous_4)
FN:19,(anonymous_5)
FN:30,(anonymous_6)
FN:31,(anonymous_7)
FNF:8
FNH:8
FNDA:1,(anonymous_0)
FNDA:12,(anonymous_1)
FNDA:1,(anonymous_2)
FNDA:4,(anonymous_3)
FNDA:2,(anonymous_4)
FNDA:4,(anonymous_5)
FNDA:1,(anonymous_6)
FNDA:1,(anonymous_7)
DA:1,1
DA:5,1
DA:9,12
DA:12,1
DA:16,4
DA:20,4
DA:21,4
DA:26,4
DA:27,4
DA:31,1
DA:32,1
DA:33,1
DA:34,1
DA:36,0
DA:40,1
LF:15
LH:14
BRDA:32,0,0,1
BRDA:32,0,1,0
BRF:2
BRH:1
end_of_record
TN:
SF:src\repositories\pet.repository.js
FN:4,(anonymous_0)
FN:8,(anonymous_1)
FN:9,(anonymous_2)
FN:12,(anonymous_3)
FN:13,(anonymous_4)
FNF:5
FNH:4
FNDA:0,(anonymous_0)
FNDA:6,(anonymous_1)
FNDA:7,(anonymous_2)
FNDA:5,(anonymous_3)
FNDA:5,(anonymous_4)
DA:1,1
DA:5,0
DA:9,7
DA:13,5
DA:14,5
DA:15,5
DA:16,5
DA:18,0
DA:22,1
LF:9
LH:7
BRDA:14,0,0,5
BRDA:14,0,1,0
BRF:2
BRH:1
end_of_record
TN:
SF:src\repositories\user.repository.js
FN:4,(anonymous_0)
FN:8,(anonymous_1)
FN:9,(anonymous_2)
FNF:3
FNH:2
FNDA:0,(anonymous_0)
FNDA:7,(anonymous_1)
FNDA:10,(anonymous_2)
DA:1,1
DA:5,0
DA:9,10
DA:13,1
LF:4
LH:3
BRF:0
BRH:0
end_of_record
TN:
SF:src\routes\adoption.router.js
FNF:0
FNH:0
DA:1,1
DA:2,1
DA:4,1
DA:34,1
DA:54,1
DA:83,1
DA:103,1
DA:105,1
LF:8
LH:8
BRF:0
BRH:0
end_of_record
TN:
SF:src\routes\pet.router.js
FNF:0
FNH:0
DA:1,1
DA:2,1
DA:4,1
DA:6,1
DA:8,1
LF:5
LH:5
BRF:0
BRH:0
end_of_record
TN:
SF:src\routes\user.router.js
FNF:0
FNH:0
DA:1,1
DA:2,1
DA:4,1
DA:6,1
DA:8,1
LF:5
LH:5
BRF:0
BRH:0
end_of_record
TN:
SF:src\services\adoption.service.js
FN:6,(anonymous_0)
FN:10,(anonymous_1)
FN:16,(anonymous_2)
FN:31,(anonymous_3)
FNF:4
FNH:4
FNDA:1,(anonymous_0)
FNDA:2,(anonymous_1)
FNDA:7,(anonymous_2)
FNDA:2,(anonymous_3)
DA:1,1
DA:2,1
DA:3,1
DA:7,1
DA:11,2
DA:12,2
DA:13,1
DA:17,7
DA:18,7
DA:20,6
DA:21,6
DA:23,5
DA:25,4
DA:26,4
DA:28,4
DA:32,2
DA:33,2
DA:35,1
DA:36,1
DA:40,1
LF:20
LH:20
BRDA:12,0,0,1
BRDA:12,0,1,1
BRDA:18,1,0,1
BRDA:18,1,1,6
BRDA:21,2,0,1
BRDA:21,2,1,5
BRDA:23,3,0,1
BRDA:23,3,1,4
BRDA:33,4,0,1
BRDA:33,4,1,1
BRF:10
BRH:10
end_of_record
TN:
SF:src\services\pet.service.js
FN:4,(anonymous_0)
FNF:1
FNH:0
FNDA:0,(anonymous_0)
DA:1,1
DA:5,0
DA:9,1
LF:3
LH:2
BRF:0
BRH:0
end_of_record
TN:
SF:src\services\user.service.js
FN:4,(anonymous_0)
FNF:1
FNH:0
FNDA:0,(anonymous_0)
DA:1,1
DA:5,0
DA:9,1
LF:3
LH:2
BRF:0
BRH:0
end_of_record
